build/app/outputs/mapping/release/seeds.txt
com.example.lifewallpoc.MainActivity: MainActivity()
com.example.lifewallpoc.MainActivity
...
com.google.gson.internal.bind.TreeTypeAdapter$SingleTypeFactory
com.google.gson.Gson$1: java.lang.Double read(com.google.gson.stream.JsonReader)
com.google.gson.JsonPrimitive: java.math.BigDecimal getAsBigDecimal()
com.applozic.mobicomkit.api.ApplozicMqttService$6: boolean val$useEncrypted
com.google.android.gms.common.internal.zzb: android.os.Parcelable$Creator CREATOR
com.google.android.material.floatingactionbutton.ExtendedFloatingActionButton: int getCollapsedPadding()
com.google.gson.internal.bind.TreeTypeAdapter: com.google.gson.Gson gson
io.kommunicate.async.KmUserLoginTask: io.kommunicate.services.KmUserClientService userClientService
com.applozic.mobicomkit.uiwidgets.conversation.TouchImageView: int viewHeight
com.applozic.mobicomkit.uiwidgets.conversation.TouchImageView: void setOnDoubleTapListener(android.view.GestureDetector$OnDoubleTapListener)
com.google.gson.LongSerializationPolicy$2: com.google.gson.JsonElement serialize(java.lang.Long)
com.applozic.mobicomkit.uiwidgets.kommunicate.views.KmAwayView: boolean isCollectEmailOnAwayEnabled
com.applozic.mobicomkit.api.conversation.schedule.MessageSenderTimerTask: com.applozic.mobicomkit.api.conversation.Message message
com.applozic.mobicomkit.broadcast.ApplozicBroadcastReceiver: com.applozic.mobicomkit.listners.ApplozicUIListener applozicUIListener
com.google.android.material.card.MaterialCardView: void setRippleColorResource(int)
com.google.android.material.chip.Chip: void setCloseIconStartPaddingResource(int)
com.google.android.material.tabs.TabLayout: void setScrollAnimatorListener(android.animation.Animator$AnimatorListener)
com.applozic.mobicomkit.api.account.user.UserDetail: java.lang.Short roleType
com.applozic.mobicomkit.uiwidgets.conversation.richmessaging.models.KmRichMessageModel$KmPayloadModel: com.applozic.mobicomkit.uiwidgets.conversation.richmessaging.models.KmRichMessageModel$KmAction action
com.applozic.mobicomkit.feed.ChannelFeed: java.lang.Long deletedAtTime
com.google.gson.internal.bind.TypeAdapters$5: java.lang.Object read(com.google.gson.stream.JsonReader)
com.applozic.mobicomkit.uiwidgets.conversation.fragment.MobiComConversationFragment$DownloadConversation: androidx.recyclerview.widget.RecyclerView recyclerView
androidx.appcompat.widget.AppCompatEditText: void setSupportBackgroundTintMode(android.graphics.PorterDuff$Mode)
androidx.appcompat.widget.LinearLayoutCompat: void setBaselineAligned(boolean)
com.google.gson.internal.bind.TypeAdapters$EnumTypeAdapter: TypeAdapters$EnumTypeAdapter(java.lang.Class)
com.applozic.mobicomkit.uiwidgets.async.KmGetMembersFromContactGroupListTask: java.util.List groupNames
com.applozic.mobicomkit.uiwidgets.conversation.ConversationUIService: boolean isActionMessageHidden
androidx.appcompat.widget.SearchView$SearchAutoComplete
com.google.firebase.messaging.zzc: java.lang.Object zzc
com.applozic.mobicomkit.uiwidgets.conversation.fragment.MobiComConversationFragment: android.widget.TextView userNotAbleToChatTextView
io.kommunicate.KmConversationBuilder: io.kommunicate.users.KMUser kmUser
com.applozic.mobicomkit.api.account.register.RegistrationResponse$PricingType: java.lang.Short value
com.applozic.mobicomkit.uiwidgets.conversation.richmessaging.adapters.KmVideoRMAdapter$2: com.applozic.mobicomkit.uiwidgets.conversation.richmessaging.adapters.KmVideoRMAdapter this$0
androidx.activity.ComponentActivity: androidx.lifecycle.ViewModelStore mViewModelStore
com.applozic.mobicomkit.api.people.ChannelCreate: java.util.List groupMemberList
com.applozic.mobicomkit.uiwidgets.conversation.fragment.MobiComConversationFragment$40
io.kommunicate.kommunicate_flutter_plugin.KmMethodHandler$1: io.flutter.plugin.common.MethodChannel$Result val$result
io.kommunicate.kommunicate_flutter_plugin.KommunicateFlutterPlugin
com.applozic.mobicomkit.uiwidgets.conversation.activity.MobicomLocationActivity$1
com.google.android.material.chip.Chip: void setMaxWidth(int)