build/app/outputs/mapping/release/mapping.txt
# compiler: R8
# compiler_version: 2.1.62
# min_api: 16
# pg_map_id: d8dd15c
# common_typos_disable
...
com.google.android.material.timepicker.ChipTextInputComboView -> com.google.android.material.timepicker.ChipTextInputComboView:
    com.google.android.material.textfield.TextInputLayout textInputLayout -> c
    android.widget.EditText editText -> d
    com.google.android.material.chip.Chip chip -> b
    android.text.TextWatcher watcher -> e
    java.lang.String access$100(com.google.android.material.timepicker.ChipTextInputComboView,java.lang.CharSequence) -> a
    com.google.android.material.chip.Chip access$200(com.google.android.material.timepicker.ChipTextInputComboView) -> b
    java.lang.String formatText(java.lang.CharSequence) -> c
    void updateHintLocales() -> d
com.google.android.material.timepicker.ChipTextInputComboView$1 -> com.google.android.material.timepicker.ChipTextInputComboView$a:
com.google.android.material.timepicker.ChipTextInputComboView$TextFormatter -> com.google.android.material.timepicker.ChipTextInputComboView$b:
    com.google.android.material.timepicker.ChipTextInputComboView this$0 -> b
com.google.android.material.timepicker.ClockFaceView -> com.google.android.material.timepicker.ClockFaceView:
    int[] gradientColors -> C
    float currentHandRotation -> G
    android.graphics.Rect textViewRect -> y
    android.util.SparseArray textViewPool -> A
    androidx.core.view.AccessibilityDelegateCompat valueAccessibilityDelegate -> B
    android.content.res.ColorStateList textColor -> H
    android.graphics.RectF scratch -> z
    float[] gradientPositions -> D
    int clockHandPadding -> E
    java.lang.String[] values -> F
    com.google.android.material.timepicker.ClockHandView clockHandView -> x
    com.google.android.material.timepicker.ClockHandView access$000(com.google.android.material.timepicker.ClockFaceView) -> A
    int access$100(com.google.android.material.timepicker.ClockFaceView) -> B
    android.util.SparseArray access$200(com.google.android.material.timepicker.ClockFaceView) -> C
    void findIntersectingTextView() -> D
    android.graphics.RadialGradient getGradientForTextView(android.graphics.RectF,android.graphics.RectF) -> E
    void setValues(java.lang.String[],int) -> F
    void updateTextViews(int) -> G
    void onRotate(float,boolean) -> a
    void setRadius(int) -> w
com.google.android.material.timepicker.ClockFaceView$1 -> com.google.android.material.timepicker.ClockFaceView$a:
    com.google.android.material.timepicker.ClockFaceView this$0 -> b
com.google.android.material.timepicker.ClockFaceView$2 -> com.google.android.material.timepicker.ClockFaceView$b:
    com.google.android.material.timepicker.ClockFaceView this$0 -> d
    void onInitializeAccessibilityNodeInfo(android.view.View,androidx.core.view.accessibility.AccessibilityNodeInfoCompat) -> g