build/app/outputs/mapping/release/usage.txt
com.example.lifewallpoc.R$styleable
com.example.lifewallpoc.R$attr
com.example.lifewallpoc.R
com.example.lifewallpoc.R$array
com.example.lifewallpoc.BuildConfig
com.example.lifewallpoc.R$xml
com.example.lifewallpoc.R$style
com.example.lifewallpoc.R$bool
com.example.lifewallpoc.R$plurals
com.example.lifewallpoc.R$interpolator
com.example.lifewallpoc.R$animator
com.example.lifewallpoc.R$integer
com.example.lifewallpoc.R$mipmap
com.example.lifewallpoc.R$anim
com.example.lifewallpoc.R$id
com.example.lifewallpoc.R$color
com.example.lifewallpoc.R$dimen
com.example.lifewallpoc.R$layout
com.example.lifewallpoc.R$string
com.example.lifewallpoc.R$menu
com.example.lifewallpoc.R$drawable
...
androidx.dynamicanimation.animation.DynamicAnimation$11
io.kommunicate.services.KmClientService:
    public static final java.lang.String CONVERSATION_SHARE_ENDPOINT
    public static final java.lang.String HELCENTER_APPID_ENDPOINT
    public static final java.lang.String FAQ_PAGE_ENDPOINT
    public static final java.lang.String KM_AUTO_SUGGESTION_URL
    public static final java.lang.String KM_AUTO_SUGGESTION_ENDPOINT
    public static final java.lang.String KM_DASHBOARD
    public static final java.lang.String KM_HELPCENTER
    private static final java.lang.String CONVERSATION_FEEDBACK_URL
    public static final java.lang.String APP_SETTING_URL
    private static final java.lang.String CHANGE_CONVERSATION_ASSIGNEE_URL
    private static final java.lang.String TAG
kotlin.ranges.ULongProgression$Companion
androidx.coordinatorlayout.R$drawable
com.google.android.material.shape.Shapeable:
    public abstract com.google.android.material.shape.ShapeAppearanceModel getShapeAppearanceModel()
androidx.multidex.MultiDex$V4:
    private void <init>()
com.google.android.gms.common.api.internal.zack
com.google.android.material.floatingactionbutton.FloatingActionButton$Behavior:
    public synthetic bridge void setInternalAutoHideListener(com.google.android.material.floatingactionbutton.FloatingActionButton$OnVisibilityChangedListener)
    public synthetic bridge boolean isAutoHideEnabled()
    public synthetic bridge void setAutoHideEnabled(boolean)
androidx.core.view.accessibility.AccessibilityNodeProviderCompat:
    public static final int HOST_VIEW_ID
com.google.android.material.floatingactionbutton.BorderDrawable$BorderState
com.google.android.gms.common.api.internal.zaby
io.kommunicate.KmBotPreference:
    private static final java.lang.String KM_BOT_PREFERENCE
    private static final java.lang.String EMPTY_STRING
    private static final int MAX_SHARED_PREF_SIZE
com.google.android.gms.common.config.GservicesValue
com.google.android.material.transition.platform.TransitionUtils$2
com.google.android.gms.internal.location.zzao:
    public abstract void zza(com.google.android.gms.location.GeofencingRequest,android.app.PendingIntent,com.google.android.gms.internal.location.zzam)
    public abstract void zza(com.google.android.gms.location.zzal,com.google.android.gms.internal.location.zzam)
    public abstract void zza(long,boolean,android.app.PendingIntent)
    public abstract void zza(com.google.android.gms.location.ActivityTransitionRequest,android.app.PendingIntent,com.google.android.gms.common.api.internal.IStatusCallback)
    public abstract void zza(android.app.PendingIntent,com.google.android.gms.common.api.internal.IStatusCallback)
    public abstract void zzb(android.app.PendingIntent)
    public abstract void zza(android.location.Location)
    public abstract void zza(com.google.android.gms.internal.location.zzaj)
    public abstract com.google.android.gms.location.LocationAvailability zzb(java.lang.String)
    public abstract void zza(com.google.android.gms.location.LocationSettingsRequest,com.google.android.gms.internal.location.zzaq,java.lang.String)
org.eclipse.paho.client.mqttv3.MqttPersistenceException:
    public void <init>(int)
    public void <init>(int,java.lang.Throwable)
    private static final long serialVersionUID
    public static final short REASON_CODE_PERSISTENCE_IN_USE